  stdafx.cpp
  Client.cpp
d:\mang may tinh\thuc hanh\do an nhom\do an 2\socket\client\client\client.cpp(4): warning C4603: '_CRT_SECURE_NO_WARNINGS': macro is not defined or definition is different after precompiled header use
  d:\mang may tinh\thuc hanh\do an nhom\do an 2\socket\client\client\client.cpp(4): note: Add macro to precompiled header instead of defining here
  d:\mang may tinh\thuc hanh\do an nhom\do an 2\socket\client\client\client.cpp(5): note: use of precompiled header
d:\mang may tinh\thuc hanh\do an nhom\do an 2\socket\client\client\client.cpp(29): error C4996: 'strcpy': This function or variable may be unsafe. Consider using strcpy_s instead. To disable deprecation, use _CRT_SECURE_NO_WARNINGS. See online help for details.
  c:\program files (x86)\windows kits\10\include\10.0.17763.0\ucrt\string.h(133): note: see declaration of 'strcpy'
d:\mang may tinh\thuc hanh\do an nhom\do an 2\socket\client\client\client.cpp(32): error C4996: 'strdup': The POSIX name for this item is deprecated. Instead, use the ISO C and C++ conformant name: _strdup. See online help for details.
  c:\program files (x86)\windows kits\10\include\10.0.17763.0\ucrt\string.h(536): note: see declaration of 'strdup'
d:\mang may tinh\thuc hanh\do an nhom\do an 2\socket\client\client\client.cpp(84): warning C4267: '=': conversion from 'size_t' to 'int', possible loss of data
d:\mang may tinh\thuc hanh\do an nhom\do an 2\socket\client\client\client.cpp(88): warning C4267: '=': conversion from 'size_t' to 'int', possible loss of data
d:\mang may tinh\thuc hanh\do an nhom\do an 2\socket\client\client\client.cpp(107): warning C4267: '=': conversion from 'size_t' to 'int', possible loss of data
d:\mang may tinh\thuc hanh\do an nhom\do an 2\socket\client\client\client.cpp(121): warning C4267: '=': conversion from 'size_t' to 'int', possible loss of data
d:\mang may tinh\thuc hanh\do an nhom\do an 2\socket\client\client\client.cpp(125): warning C4267: '=': conversion from 'size_t' to 'int', possible loss of data
d:\mang may tinh\thuc hanh\do an nhom\do an 2\socket\client\client\client.cpp(166): warning C4267: '=': conversion from 'size_t' to 'int', possible loss of data
d:\mang may tinh\thuc hanh\do an nhom\do an 2\socket\client\client\client.cpp(171): warning C4267: '=': conversion from 'size_t' to 'int', possible loss of data
d:\mang may tinh\thuc hanh\do an nhom\do an 2\socket\client\client\client.cpp(197): warning C4267: '=': conversion from 'size_t' to 'int', possible loss of data
d:\mang may tinh\thuc hanh\do an nhom\do an 2\socket\client\client\client.cpp(210): warning C4267: '=': conversion from 'size_t' to 'int', possible loss of data
d:\mang may tinh\thuc hanh\do an nhom\do an 2\socket\client\client\client.cpp(214): warning C4267: '=': conversion from 'size_t' to 'int', possible loss of data
d:\mang may tinh\thuc hanh\do an nhom\do an 2\socket\client\client\client.cpp(250): warning C4267: '=': conversion from 'size_t' to 'int', possible loss of data
d:\mang may tinh\thuc hanh\do an nhom\do an 2\socket\client\client\client.cpp(285): warning C4267: '=': conversion from 'size_t' to 'int', possible loss of data
d:\mang may tinh\thuc hanh\do an nhom\do an 2\socket\client\client\client.cpp(345): warning C4267: '=': conversion from 'size_t' to 'int', possible loss of data
d:\mang may tinh\thuc hanh\do an nhom\do an 2\socket\client\client\client.cpp(308): error C4996: 'fopen': This function or variable may be unsafe. Consider using fopen_s instead. To disable deprecation, use _CRT_SECURE_NO_WARNINGS. See online help for details.
  c:\program files (x86)\windows kits\10\include\10.0.17763.0\ucrt\stdio.h(208): note: see declaration of 'fopen'
d:\mang may tinh\thuc hanh\do an nhom\do an 2\socket\client\client\client.cpp(63): warning C4101: 'kt': unreferenced local variable
